<?xml version="1.0" encoding="UTF-8"?>
<testsuite xmlns:xsi="http://www.w3.org/2001/XMLSchema-instance" xsi:noNamespaceSchemaLocation="https://maven.apache.org/surefire/maven-surefire-plugin/xsd/surefire-test-report.xsd" version="3.0.2" name="com.example.backendgroupsmaker.BackendgroupsmakerApplicationTests" time="10.464" tests="1" errors="0" skipped="0" failures="0">
  <properties>
[...]
</properties>
  <testcase name="contextLoads" classname="com.example.backendgroupsmaker.BackendgroupsmakerApplicationTests" time="0.838">
    <system-out><![CDATA[11:06:21.690 [main] INFO org.springframework.test.context.support.AnnotationConfigContextLoaderUtils -- Could not detect default configuration classes for test class [com.example.backendgroupsmaker.BackendgroupsmakerApplicationTests]: BackendgroupsmakerApplicationTests does not declare any static, non-private, non-final, nested classes annotated with @Configuration.
11:06:21.964 [main] INFO org.springframework.boot.test.context.SpringBootTestContextBootstrapper -- Found @SpringBootConfiguration com.example.backendgroupsmaker.BackendgroupsmakerApplication for test class com.example.backendgroupsmaker.BackendgroupsmakerApplicationTests
11:06:22.277 [main] INFO org.springframework.boot.devtools.restart.RestartApplicationListener -- Restart disabled due to context in which it is running

  .   ____          _            __ _ _
 /\\ / ___'_ __ _ _(_)_ __  __ _ \ \ \ \
( ( )\___ | '_ | '_| | '_ \/ _` | \ \ \ \
 \\/  ___)| |_)| | | | | || (_| |  ) ) ) )
  '  |____| .__|_| |_|_| |_\__, | / / / /
 =========|_|==============|___/=/_/_/_/

 :: Spring Boot ::                (v3.5.0)

2025-06-23T11:06:22.987+02:00  INFO 19492 --- [           main] c.e.b.BackendgroupsmakerApplicationTests : Starting BackendgroupsmakerApplicationTests using Java 24.0.1 with PID 19492 (started by Utilisateur in C:\Users\Utilisateur\Documents\BACKEND-GROUPSMAKER)
2025-06-23T11:06:22.992+02:00  INFO 19492 --- [           main] c.e.b.BackendgroupsmakerApplicationTests : No active profile set, falling back to 1 default profile: "default"
2025-06-23T11:06:24.649+02:00  INFO 19492 --- [           main] .s.d.r.c.RepositoryConfigurationDelegate : Bootstrapping Spring Data JPA repositories in DEFAULT mode.
2025-06-23T11:06:24.780+02:00  INFO 19492 --- [           main] .s.d.r.c.RepositoryConfigurationDelegate : Finished Spring Data repository scanning in 113 ms. Found 4 JPA repository interfaces.
2025-06-23T11:06:25.788+02:00  INFO 19492 --- [           main] o.hibernate.jpa.internal.util.LogHelper  : HHH000204: Processing PersistenceUnitInfo [name: default]
2025-06-23T11:06:25.894+02:00  INFO 19492 --- [           main] org.hibernate.Version                    : HHH000412: Hibernate ORM core version 6.6.15.Final
2025-06-23T11:06:25.955+02:00  INFO 19492 --- [           main] o.h.c.internal.RegionFactoryInitiator    : HHH000026: Second-level cache disabled
2025-06-23T11:06:26.586+02:00  INFO 19492 --- [           main] o.s.o.j.p.SpringPersistenceUnitInfo      : No LoadTimeWeaver setup: ignoring JPA class transformer
2025-06-23T11:06:26.642+02:00  INFO 19492 --- [           main] com.zaxxer.hikari.HikariDataSource       : HikariPool-1 - Starting...
2025-06-23T11:06:27.058+02:00  INFO 19492 --- [           main] com.zaxxer.hikari.pool.HikariPool        : HikariPool-1 - Added connection org.postgresql.jdbc.PgConnection@323e026d
2025-06-23T11:06:27.060+02:00  INFO 19492 --- [           main] com.zaxxer.hikari.HikariDataSource       : HikariPool-1 - Start completed.
2025-06-23T11:06:27.113+02:00  WARN 19492 --- [           main] org.hibernate.orm.deprecation            : HHH90000025: PostgreSQLDialect does not need to be specified explicitly using 'hibernate.dialect' (remove the property setting and it will be selected by default)
2025-06-23T11:06:27.149+02:00  INFO 19492 --- [           main] org.hibernate.orm.connections.pooling    : HHH10001005: Database info:
	Database JDBC URL [Connecting through datasource 'HikariDataSource (HikariPool-1)']
	Database driver: undefined/unknown
	Database version: 17.4
	Autocommit mode: undefined/unknown
	Isolation level: undefined/unknown
	Minimum pool size: undefined/unknown
	Maximum pool size: undefined/unknown
2025-06-23T11:06:28.908+02:00  INFO 19492 --- [           main] o.h.e.t.j.p.i.JtaPlatformInitiator       : HHH000489: No JTA platform available (set 'hibernate.transaction.jta.platform' to enable JTA platform integration)
Hibernate: create table liste (id bigint generated by default as identity, nom varchar(255) not null, partagee boolean not null, tirages integer not null, utilisateur_id bigint, primary key (id))
Hibernate: create table personne (id bigint generated by default as identity, age integer not null check ((age<=99) and (age>=1)), aisance_francais integer not null check ((aisance_francais<=4) and (aisance_francais>=1)), ancien_dwwm boolean not null, genre varchar(255) not null check (genre in ('MASCULIN','FEMININ','NE_SE_PRONONCE_PAS')), niveau_technique integer not null check ((niveau_technique<=4) and (niveau_technique>=1)), nom varchar(49) not null, profil varchar(255) not null check (profil in ('TIMIDE','RESERVE','A_L_AISE')), liste_id bigint not null, primary key (id))
Hibernate: create table tirage (id bigint generated by default as identity, date timestamp(6) not null, groupes_json jsonb not null, valide boolean not null, liste_id bigint not null, primary key (id))
Hibernate: create table utilisateur (id bigint generated by default as identity, password varchar(255) not null, role varchar(255) not null, username varchar(255) not null, primary key (id))
Hibernate: alter table if exists utilisateur drop constraint if exists UKkq7nt5wyq9v9lpcpgxag2f24a
2025-06-23T11:06:29.035+02:00  WARN 19492 --- [           main] o.h.engine.jdbc.spi.SqlExceptionHelper   : SQL Warning Code: 0, SQLState: 00000
2025-06-23T11:06:29.035+02:00  WARN 19492 --- [           main] o.h.engine.jdbc.spi.SqlExceptionHelper   : la contrainte � ukkq7nt5wyq9v9lpcpgxag2f24a � de la relation � utilisateur � n'existe pas, ignore
Hibernate: alter table if exists utilisateur add constraint UKkq7nt5wyq9v9lpcpgxag2f24a unique (username)
Hibernate: alter table if exists liste add constraint FKahaxe6cp9cwyx8eys472sdne5 foreign key (utilisateur_id) references utilisateur
Hibernate: alter table if exists personne add constraint FKi4wlrsxlh1npviry9186p4t04 foreign key (liste_id) references liste
Hibernate: alter table if exists tirage add constraint FK5etvpxuh7yu7pj8n3ygbqk22j foreign key (liste_id) references liste
2025-06-23T11:06:29.054+02:00  INFO 19492 --- [           main] j.LocalContainerEntityManagerFactoryBean : Initialized JPA EntityManagerFactory for persistence unit 'default'
2025-06-23T11:06:29.796+02:00  INFO 19492 --- [           main] r$InitializeUserDetailsManagerConfigurer : Global AuthenticationManager configured with UserDetailsService bean with name utilisateurService
2025-06-23T11:06:29.865+02:00  WARN 19492 --- [           main] JpaBaseConfiguration$JpaWebConfiguration : spring.jpa.open-in-view is enabled by default. Therefore, database queries may be performed during view rendering. Explicitly configure spring.jpa.open-in-view to disable this warning
2025-06-23T11:06:31.002+02:00  INFO 19492 --- [           main] c.e.b.BackendgroupsmakerApplicationTests : Started BackendgroupsmakerApplicationTests in 8.747 seconds (process running for 10.731)
]]></system-out>
    <system-err><![CDATA[Mockito is currently self-attaching to enable the inline-mock-maker. This will no longer work in future releases of the JDK. Please add Mockito as an agent to your build as described in Mockito's documentation: https://javadoc.io/doc/org.mockito/mockito-core/latest/org.mockito/org/mockito/Mockito.html#0.3
WARNING: A Java agent has been loaded dynamically (C:\Users\Utilisateur\.m2\repository\net\bytebuddy\byte-buddy-agent\1.17.5\byte-buddy-agent-1.17.5.jar)
WARNING: If a serviceability tool is in use, please run with -XX:+EnableDynamicAgentLoading to hide this warning
WARNING: If a serviceability tool is not in use, please run with -Djdk.instrument.traceUsage for more information
WARNING: Dynamic loading of agents will be disallowed by default in a future release
]]></system-err>
  </testcase>
</testsuite>